# JRE version: OpenJDK Runtime Environment (15.0.2+7) (build 15.0.2+7-27)
# Java VM: OpenJDK 64-Bit Server VM (15.0.2+7-27, mixed mode, tiered, compressed oops, g1 gc, windows-amd64)
GC Precious Log:
 CPUs: 8 total, 8 available
 Memory: 16221M
 Large Page Support: Disabled
 NUMA Support: Disabled
 Compressed Oops: Enabled (Zero based)
 Heap Region Size: 2M
 Heap Min Capacity: 8M
 Heap Initial Capacity: 254M
 Heap Max Capacity: 4056M
 Pre-touch: Disabled
 Parallel Workers: 8
 Concurrent Workers: 2
 Concurrent Refinement Workers: 8
 Periodic GC: Disabled
Heap:
 garbage-first heap   total 1349632K, used 803070K [0x0000000702800000, 0x0000000800000000)
  region size 2048K, 17 young (34816K), 1 survivors (2048K)
 Metaspace       used 49818K, capacity 50375K, committed 50716K, reserved 1093632K
  class space    used 5733K, capacity 5880K, committed 5996K, reserved 1048576K
GC Heap History (20 events):
Event: 9502.509 GC heap before
{Heap before GC invocations=20024 (full 0):
 garbage-first heap   total 972800K, used 919786K [0x0000000702800000, 0x0000000800000000)
  region size 2048K, 23 young (47104K), 2 survivors (4096K)
 Metaspace       used 50015K, capacity 50674K, committed 50716K, reserved 1093632K
  class space    used 5771K, capacity 5954K, committed 5996K, reserved 1048576K
}
Event: 9502.510 GC heap after
{Heap after GC invocations=20025 (full 0):
 garbage-first heap   total 972800K, used 876784K [0x0000000702800000, 0x0000000800000000)
  region size 2048K, 2 young (4096K), 2 survivors (4096K)
 Metaspace       used 50015K, capacity 50674K, committed 50716K, reserved 1093632K
  class space    used 5771K, capacity 5954K, committed 5996K, reserved 1048576K
}
Event: 9502.616 GC heap before
{Heap before GC invocations=20025 (full 0):
 garbage-first heap   total 972800K, used 919792K [0x0000000702800000, 0x0000000800000000)
  region size 2048K, 23 young (47104K), 2 survivors (4096K)
 Metaspace       used 50015K, capacity 50674K, committed 50716K, reserved 1093632K
  class space    used 5771K, capacity 5954K, committed 5996K, reserved 1048576K
}
Event: 9502.617 GC heap after
{Heap after GC invocations=20026 (full 0):
 garbage-first heap   total 972800K, used 876788K [0x0000000702800000, 0x0000000800000000)
  region size 2048K, 2 young (4096K), 2 survivors (4096K)
 Metaspace       used 50015K, capacity 50674K, committed 50716K, reserved 1093632K
  class space    used 5771K, capacity 5954K, committed 5996K, reserved 1048576K
}
Event: 9502.725 GC heap before
{Heap before GC invocations=20026 (full 0):
 garbage-first heap   total 972800K, used 919796K [0x0000000702800000, 0x0000000800000000)
  region size 2048K, 23 young (47104K), 2 survivors (4096K)
 Metaspace       used 50015K, capacity 50674K, committed 50716K, reserved 1093632K
  class space    used 5771K, capacity 5954K, committed 5996K, reserved 1048576K
}
Event: 9502.726 GC heap after
{Heap after GC invocations=20027 (full 0):
 garbage-first heap   total 972800K, used 877001K [0x0000000702800000, 0x0000000800000000)
  region size 2048K, 2 young (4096K), 2 survivors (4096K)
 Metaspace       used 50015K, capacity 50674K, committed 50716K, reserved 1093632K
  class space    used 5771K, capacity 5954K, committed 5996K, reserved 1048576K
}
Event: 9503.417 GC heap before
{Heap before GC invocations=20027 (full 0):
 garbage-first heap   total 972800K, used 920009K [0x0000000702800000, 0x0000000800000000)
  region size 2048K, 23 young (47104K), 2 survivors (4096K)
 Metaspace       used 50015K, capacity 50674K, committed 50716K, reserved 1093632K
  class space    used 5771K, capacity 5954K, committed 5996K, reserved 1048576K
}
Event: 9503.419 GC heap after
{Heap after GC invocations=20028 (full 0):
 garbage-first heap   total 972800K, used 877013K [0x0000000702800000, 0x0000000800000000)
  region size 2048K, 2 young (4096K), 2 survivors (4096K)
 Metaspace       used 50015K, capacity 50674K, committed 50716K, reserved 1093632K
  class space    used 5771K, capacity 5954K, committed 5996K, reserved 1048576K
}
Event: 9503.516 GC heap before
{Heap before GC invocations=20028 (full 0):
 garbage-first heap   total 972800K, used 920021K [0x0000000702800000, 0x0000000800000000)
  region size 2048K, 23 young (47104K), 2 survivors (4096K)
 Metaspace       used 50015K, capacity 50674K, committed 50716K, reserved 1093632K
  class space    used 5771K, capacity 5954K, committed 5996K, reserved 1048576K
}
Event: 9503.517 GC heap after
{Heap after GC invocations=20029 (full 0):
 garbage-first heap   total 972800K, used 876800K [0x0000000702800000, 0x0000000800000000)
  region size 2048K, 2 young (4096K), 2 survivors (4096K)
 Metaspace       used 50015K, capacity 50674K, committed 50716K, reserved 1093632K
  class space    used 5771K, capacity 5954K, committed 5996K, reserved 1048576K
}
Event: 9503.626 GC heap before
{Heap before GC invocations=20029 (full 0):
 garbage-first heap   total 972800K, used 919808K [0x0000000702800000, 0x0000000800000000)
  region size 2048K, 23 young (47104K), 2 survivors (4096K)
 Metaspace       used 50015K, capacity 50674K, committed 50716K, reserved 1093632K
  class space    used 5771K, capacity 5954K, committed 5996K, reserved 1048576K
}
Event: 9503.627 GC heap after
{Heap after GC invocations=20030 (full 0):
 garbage-first heap   total 972800K, used 876788K [0x0000000702800000, 0x0000000800000000)
  region size 2048K, 2 young (4096K), 2 survivors (4096K)
 Metaspace       used 50015K, capacity 50674K, committed 50716K, reserved 1093632K
  class space    used 5771K, capacity 5954K, committed 5996K, reserved 1048576K
}
Event: 9504.468 GC heap before
{Heap before GC invocations=20030 (full 0):
 garbage-first heap   total 972800K, used 919796K [0x0000000702800000, 0x0000000800000000)
  region size 2048K, 23 young (47104K), 2 survivors (4096K)
 Metaspace       used 50015K, capacity 50674K, committed 50716K, reserved 1093632K
  class space    used 5771K, capacity 5954K, committed 5996K, reserved 1048576K
}
Event: 9504.469 GC heap after
{Heap after GC invocations=20031 (full 0):
 garbage-first heap   total 972800K, used 876804K [0x0000000702800000, 0x0000000800000000)
  region size 2048K, 2 young (4096K), 2 survivors (4096K)
 Metaspace       used 50015K, capacity 50674K, committed 50716K, reserved 1093632K
  class space    used 5771K, capacity 5954K, committed 5996K, reserved 1048576K
}
Event: 9504.577 GC heap before
{Heap before GC invocations=20031 (full 0):
 garbage-first heap   total 972800K, used 919812K [0x0000000702800000, 0x0000000800000000)
  region size 2048K, 23 young (47104K), 2 survivors (4096K)
 Metaspace       used 50015K, capacity 50674K, committed 50716K, reserved 1093632K
  class space    used 5771K, capacity 5954K, committed 5996K, reserved 1048576K
}
Event: 9504.578 GC heap after
{Heap after GC invocations=20032 (full 0):
 garbage-first heap   total 972800K, used 876788K [0x0000000702800000, 0x0000000800000000)
  region size 2048K, 2 young (4096K), 2 survivors (4096K)
 Metaspace       used 50015K, capacity 50674K, committed 50716K, reserved 1093632K
  class space    used 5771K, capacity 5954K, committed 5996K, reserved 1048576K
}
Event: 9504.682 GC heap before
{Heap before GC invocations=20032 (full 0):
 garbage-first heap   total 972800K, used 919796K [0x0000000702800000, 0x0000000800000000)
  region size 2048K, 23 young (47104K), 2 survivors (4096K)
 Metaspace       used 50015K, capacity 50674K, committed 50716K, reserved 1093632K
  class space    used 5771K, capacity 5954K, committed 5996K, reserved 1048576K
}
Event: 9504.683 GC heap after
{Heap after GC invocations=20033 (full 0):
 garbage-first heap   total 972800K, used 876860K [0x0000000702800000, 0x0000000800000000)
  region size 2048K, 1 young (2048K), 1 survivors (2048K)
 Metaspace       used 50015K, capacity 50674K, committed 50716K, reserved 1093632K
  class space    used 5771K, capacity 5954K, committed 5996K, reserved 1048576K
}
Event: 9505.527 GC heap before
{Heap before GC invocations=20033 (full 0):
 garbage-first heap   total 972800K, used 921916K [0x0000000702800000, 0x0000000800000000)
  region size 2048K, 23 young (47104K), 1 survivors (2048K)
 Metaspace       used 50015K, capacity 50674K, committed 50716K, reserved 1093632K
  class space    used 5771K, capacity 5954K, committed 5996K, reserved 1048576K
}
Event: 9505.534 GC heap after
{Heap after GC invocations=20034 (full 0):
 garbage-first heap   total 972800K, used 876798K [0x0000000702800000, 0x0000000800000000)
  region size 2048K, 1 young (2048K), 1 survivors (2048K)
 Metaspace       used 50015K, capacity 50674K, committed 50716K, reserved 1093632K
  class space    used 5771K, capacity 5954K, committed 5996K, reserved 1048576K
}

