# JRE version: OpenJDK Runtime Environment (15.0.2+7) (build 15.0.2+7-27)
# Java VM: OpenJDK 64-Bit Server VM (15.0.2+7-27, mixed mode, tiered, compressed oops, g1 gc, windows-amd64)
GC Precious Log:
 CPUs: 8 total, 8 available
 Memory: 16221M
 Large Page Support: Disabled
 NUMA Support: Disabled
 Compressed Oops: Enabled (Zero based)
 Heap Region Size: 2M
 Heap Min Capacity: 8M
 Heap Initial Capacity: 254M
 Heap Max Capacity: 4056M
 Pre-touch: Disabled
 Parallel Workers: 8
 Concurrent Workers: 2
 Concurrent Refinement Workers: 8
 Periodic GC: Disabled
Heap:
 garbage-first heap   total 419840K, used 245351K [0x0000000702800000, 0x0000000800000000)
  region size 2048K, 35 young (71680K), 1 survivors (2048K)
 Metaspace       used 49780K, capacity 50376K, committed 50972K, reserved 1093632K
  class space    used 5729K, capacity 5880K, committed 5996K, reserved 1048576K
GC Heap History (20 events):
Event: 10872.682 GC heap before
{Heap before GC invocations=10105 (full 0):
 garbage-first heap   total 413696K, used 362238K [0x0000000702800000, 0x0000000800000000)
  region size 2048K, 89 young (182272K), 2 survivors (4096K)
 Metaspace       used 49780K, capacity 50376K, committed 50972K, reserved 1093632K
  class space    used 5729K, capacity 5880K, committed 5996K, reserved 1048576K
}
Event: 10872.683 GC heap after
{Heap after GC invocations=10106 (full 0):
 garbage-first heap   total 413696K, used 185794K [0x0000000702800000, 0x0000000800000000)
  region size 2048K, 1 young (2048K), 1 survivors (2048K)
 Metaspace       used 49780K, capacity 50376K, committed 50972K, reserved 1093632K
  class space    used 5729K, capacity 5880K, committed 5996K, reserved 1048576K
}
Event: 10874.350 GC heap before
{Heap before GC invocations=10106 (full 0):
 garbage-first heap   total 413696K, used 368066K [0x0000000702800000, 0x0000000800000000)
  region size 2048K, 90 young (184320K), 1 survivors (2048K)
 Metaspace       used 49780K, capacity 50376K, committed 50972K, reserved 1093632K
  class space    used 5729K, capacity 5880K, committed 5996K, reserved 1048576K
}
Event: 10874.351 GC heap after
{Heap after GC invocations=10107 (full 0):
 garbage-first heap   total 413696K, used 185813K [0x0000000702800000, 0x0000000800000000)
  region size 2048K, 1 young (2048K), 1 survivors (2048K)
 Metaspace       used 49780K, capacity 50376K, committed 50972K, reserved 1093632K
  class space    used 5729K, capacity 5880K, committed 5996K, reserved 1048576K
}
Event: 10876.340 GC heap before
{Heap before GC invocations=10107 (full 0):
 garbage-first heap   total 413696K, used 368085K [0x0000000702800000, 0x0000000800000000)
  region size 2048K, 90 young (184320K), 1 survivors (2048K)
 Metaspace       used 49780K, capacity 50376K, committed 50972K, reserved 1093632K
  class space    used 5729K, capacity 5880K, committed 5996K, reserved 1048576K
}
Event: 10876.341 GC heap after
{Heap after GC invocations=10108 (full 0):
 garbage-first heap   total 413696K, used 185993K [0x0000000702800000, 0x0000000800000000)
  region size 2048K, 1 young (2048K), 1 survivors (2048K)
 Metaspace       used 49780K, capacity 50376K, committed 50972K, reserved 1093632K
  class space    used 5729K, capacity 5880K, committed 5996K, reserved 1048576K
}
Event: 10878.021 GC heap before
{Heap before GC invocations=10108 (full 0):
 garbage-first heap   total 413696K, used 368265K [0x0000000702800000, 0x0000000800000000)
  region size 2048K, 90 young (184320K), 1 survivors (2048K)
 Metaspace       used 49780K, capacity 50376K, committed 50972K, reserved 1093632K
  class space    used 5729K, capacity 5880K, committed 5996K, reserved 1048576K
}
Event: 10878.023 GC heap after
{Heap after GC invocations=10109 (full 0):
 garbage-first heap   total 413696K, used 185834K [0x0000000702800000, 0x0000000800000000)
  region size 2048K, 1 young (2048K), 1 survivors (2048K)
 Metaspace       used 49780K, capacity 50376K, committed 50972K, reserved 1093632K
  class space    used 5729K, capacity 5880K, committed 5996K, reserved 1048576K
}
Event: 10879.927 GC heap before
{Heap before GC invocations=10109 (full 0):
 garbage-first heap   total 413696K, used 368106K [0x0000000702800000, 0x0000000800000000)
  region size 2048K, 90 young (184320K), 1 survivors (2048K)
 Metaspace       used 49780K, capacity 50376K, committed 50972K, reserved 1093632K
  class space    used 5729K, capacity 5880K, committed 5996K, reserved 1048576K
}
Event: 10879.929 GC heap after
{Heap after GC invocations=10110 (full 0):
 garbage-first heap   total 413696K, used 185835K [0x0000000702800000, 0x0000000800000000)
  region size 2048K, 1 young (2048K), 1 survivors (2048K)
 Metaspace       used 49780K, capacity 50376K, committed 50972K, reserved 1093632K
  class space    used 5729K, capacity 5880K, committed 5996K, reserved 1048576K
}
Event: 10881.683 GC heap before
{Heap before GC invocations=10110 (full 0):
 garbage-first heap   total 413696K, used 368107K [0x0000000702800000, 0x0000000800000000)
  region size 2048K, 90 young (184320K), 1 survivors (2048K)
 Metaspace       used 49780K, capacity 50376K, committed 50972K, reserved 1093632K
  class space    used 5729K, capacity 5880K, committed 5996K, reserved 1048576K
}
Event: 10881.684 GC heap after
{Heap after GC invocations=10111 (full 0):
 garbage-first heap   total 413696K, used 185815K [0x0000000702800000, 0x0000000800000000)
  region size 2048K, 1 young (2048K), 1 survivors (2048K)
 Metaspace       used 49780K, capacity 50376K, committed 50972K, reserved 1093632K
  class space    used 5729K, capacity 5880K, committed 5996K, reserved 1048576K
}
Event: 10883.625 GC heap before
{Heap before GC invocations=10111 (full 0):
 garbage-first heap   total 413696K, used 368087K [0x0000000702800000, 0x0000000800000000)
  region size 2048K, 90 young (184320K), 1 survivors (2048K)
 Metaspace       used 49780K, capacity 50376K, committed 50972K, reserved 1093632K
  class space    used 5729K, capacity 5880K, committed 5996K, reserved 1048576K
}
Event: 10883.627 GC heap after
{Heap after GC invocations=10112 (full 0):
 garbage-first heap   total 413696K, used 185857K [0x0000000702800000, 0x0000000800000000)
  region size 2048K, 1 young (2048K), 1 survivors (2048K)
 Metaspace       used 49780K, capacity 50376K, committed 50972K, reserved 1093632K
  class space    used 5729K, capacity 5880K, committed 5996K, reserved 1048576K
}
Event: 10885.548 GC heap before
{Heap before GC invocations=10112 (full 0):
 garbage-first heap   total 413696K, used 366081K [0x0000000702800000, 0x0000000800000000)
  region size 2048K, 90 young (184320K), 1 survivors (2048K)
 Metaspace       used 49780K, capacity 50376K, committed 50972K, reserved 1093632K
  class space    used 5729K, capacity 5880K, committed 5996K, reserved 1048576K
}
Event: 10885.550 GC heap after
{Heap after GC invocations=10113 (full 0):
 garbage-first heap   total 413696K, used 186001K [0x0000000702800000, 0x0000000800000000)
  region size 2048K, 1 young (2048K), 1 survivors (2048K)
 Metaspace       used 49780K, capacity 50376K, committed 50972K, reserved 1093632K
  class space    used 5729K, capacity 5880K, committed 5996K, reserved 1048576K
}
Event: 10885.698 GC heap before
{Heap before GC invocations=10113 (full 0):
 garbage-first heap   total 413696K, used 366225K [0x0000000702800000, 0x0000000800000000)
  region size 2048K, 90 young (184320K), 1 survivors (2048K)
 Metaspace       used 49780K, capacity 50376K, committed 50972K, reserved 1093632K
  class space    used 5729K, capacity 5880K, committed 5996K, reserved 1048576K
}
Event: 10885.699 GC heap after
{Heap after GC invocations=10114 (full 0):
 garbage-first heap   total 413696K, used 186093K [0x0000000702800000, 0x0000000800000000)
  region size 2048K, 1 young (2048K), 1 survivors (2048K)
 Metaspace       used 49780K, capacity 50376K, committed 50972K, reserved 1093632K
  class space    used 5729K, capacity 5880K, committed 5996K, reserved 1048576K
}
Event: 10885.854 GC heap before
{Heap before GC invocations=10114 (full 0):
 garbage-first heap   total 413696K, used 364269K [0x0000000702800000, 0x0000000800000000)
  region size 2048K, 89 young (182272K), 1 survivors (2048K)
 Metaspace       used 49780K, capacity 50376K, committed 50972K, reserved 1093632K
  class space    used 5729K, capacity 5880K, committed 5996K, reserved 1048576K
}
Event: 10885.855 GC heap after
{Heap after GC invocations=10115 (full 0):
 garbage-first heap   total 413696K, used 185959K [0x0000000702800000, 0x0000000800000000)
  region size 2048K, 1 young (2048K), 1 survivors (2048K)
 Metaspace       used 49780K, capacity 50376K, committed 50972K, reserved 1093632K
  class space    used 5729K, capacity 5880K, committed 5996K, reserved 1048576K
}

