# JRE version: OpenJDK Runtime Environment (15.0.2+7) (build 15.0.2+7-27)
# Java VM: OpenJDK 64-Bit Server VM (15.0.2+7-27, mixed mode, tiered, compressed oops, g1 gc, windows-amd64)
GC Precious Log:
 CPUs: 8 total, 8 available
 Memory: 16221M
 Large Page Support: Disabled
 NUMA Support: Disabled
 Compressed Oops: Enabled (Zero based)
 Heap Region Size: 2M
 Heap Min Capacity: 8M
 Heap Initial Capacity: 254M
 Heap Max Capacity: 4056M
 Pre-touch: Disabled
 Parallel Workers: 8
 Concurrent Workers: 2
 Concurrent Refinement Workers: 8
 Periodic GC: Disabled
Heap:
 garbage-first heap   total 788480K, used 466758K [0x0000000702800000, 0x0000000800000000)
  region size 2048K, 168 young (344064K), 2 survivors (4096K)
 Metaspace       used 49836K, capacity 50435K, committed 50972K, reserved 1093632K
  class space    used 5733K, capacity 5880K, committed 5996K, reserved 1048576K
GC Heap History (20 events):
Event: 9685.107 GC heap before
{Heap before GC invocations=8014 (full 0):
 garbage-first heap   total 788480K, used 597595K [0x0000000702800000, 0x0000000800000000)
  region size 2048K, 231 young (473088K), 2 survivors (4096K)
 Metaspace       used 49836K, capacity 50435K, committed 50972K, reserved 1093632K
  class space    used 5733K, capacity 5880K, committed 5996K, reserved 1048576K
}
Event: 9685.108 GC heap after
{Heap after GC invocations=8015 (full 0):
 garbage-first heap   total 788480K, used 128393K [0x0000000702800000, 0x0000000800000000)
  region size 2048K, 2 young (4096K), 2 survivors (4096K)
 Metaspace       used 49836K, capacity 50435K, committed 50972K, reserved 1093632K
  class space    used 5733K, capacity 5880K, committed 5996K, reserved 1048576K
}
Event: 9685.449 GC heap before
{Heap before GC invocations=8015 (full 0):
 garbage-first heap   total 788480K, used 597385K [0x0000000702800000, 0x0000000800000000)
  region size 2048K, 231 young (473088K), 2 survivors (4096K)
 Metaspace       used 49836K, capacity 50435K, committed 50972K, reserved 1093632K
  class space    used 5733K, capacity 5880K, committed 5996K, reserved 1048576K
}
Event: 9685.450 GC heap after
{Heap after GC invocations=8016 (full 0):
 garbage-first heap   total 788480K, used 128617K [0x0000000702800000, 0x0000000800000000)
  region size 2048K, 2 young (4096K), 2 survivors (4096K)
 Metaspace       used 49836K, capacity 50435K, committed 50972K, reserved 1093632K
  class space    used 5733K, capacity 5880K, committed 5996K, reserved 1048576K
}
Event: 9685.798 GC heap before
{Heap before GC invocations=8016 (full 0):
 garbage-first heap   total 788480K, used 595561K [0x0000000702800000, 0x0000000800000000)
  region size 2048K, 231 young (473088K), 2 survivors (4096K)
 Metaspace       used 49836K, capacity 50435K, committed 50972K, reserved 1093632K
  class space    used 5733K, capacity 5880K, committed 5996K, reserved 1048576K
}
Event: 9685.799 GC heap after
{Heap after GC invocations=8017 (full 0):
 garbage-first heap   total 788480K, used 128899K [0x0000000702800000, 0x0000000800000000)
  region size 2048K, 2 young (4096K), 2 survivors (4096K)
 Metaspace       used 49836K, capacity 50435K, committed 50972K, reserved 1093632K
  class space    used 5733K, capacity 5880K, committed 5996K, reserved 1048576K
}
Event: 9686.152 GC heap before
{Heap before GC invocations=8017 (full 0):
 garbage-first heap   total 788480K, used 595843K [0x0000000702800000, 0x0000000800000000)
  region size 2048K, 231 young (473088K), 2 survivors (4096K)
 Metaspace       used 49836K, capacity 50435K, committed 50972K, reserved 1093632K
  class space    used 5733K, capacity 5880K, committed 5996K, reserved 1048576K
}
Event: 9686.153 GC heap after
{Heap after GC invocations=8018 (full 0):
 garbage-first heap   total 788480K, used 128409K [0x0000000702800000, 0x0000000800000000)
  region size 2048K, 2 young (4096K), 2 survivors (4096K)
 Metaspace       used 49836K, capacity 50435K, committed 50972K, reserved 1093632K
  class space    used 5733K, capacity 5880K, committed 5996K, reserved 1048576K
}
Event: 9686.484 GC heap before
{Heap before GC invocations=8018 (full 0):
 garbage-first heap   total 788480K, used 595353K [0x0000000702800000, 0x0000000800000000)
  region size 2048K, 231 young (473088K), 2 survivors (4096K)
 Metaspace       used 49836K, capacity 50435K, committed 50972K, reserved 1093632K
  class space    used 5733K, capacity 5880K, committed 5996K, reserved 1048576K
}
Event: 9686.486 GC heap after
{Heap after GC invocations=8019 (full 0):
 garbage-first heap   total 788480K, used 128410K [0x0000000702800000, 0x0000000800000000)
  region size 2048K, 2 young (4096K), 2 survivors (4096K)
 Metaspace       used 49836K, capacity 50435K, committed 50972K, reserved 1093632K
  class space    used 5733K, capacity 5880K, committed 5996K, reserved 1048576K
}
Event: 9689.195 GC heap before
{Heap before GC invocations=8019 (full 0):
 garbage-first heap   total 788480K, used 595354K [0x0000000702800000, 0x0000000800000000)
  region size 2048K, 231 young (473088K), 2 survivors (4096K)
 Metaspace       used 49836K, capacity 50435K, committed 50972K, reserved 1093632K
  class space    used 5733K, capacity 5880K, committed 5996K, reserved 1048576K
}
Event: 9689.196 GC heap after
{Heap after GC invocations=8020 (full 0):
 garbage-first heap   total 788480K, used 128272K [0x0000000702800000, 0x0000000800000000)
  region size 2048K, 2 young (4096K), 2 survivors (4096K)
 Metaspace       used 49836K, capacity 50435K, committed 50972K, reserved 1093632K
  class space    used 5733K, capacity 5880K, committed 5996K, reserved 1048576K
}
Event: 9694.638 GC heap before
{Heap before GC invocations=8020 (full 0):
 garbage-first heap   total 788480K, used 597264K [0x0000000702800000, 0x0000000800000000)
  region size 2048K, 231 young (473088K), 2 survivors (4096K)
 Metaspace       used 49836K, capacity 50435K, committed 50972K, reserved 1093632K
  class space    used 5733K, capacity 5880K, committed 5996K, reserved 1048576K
}
Event: 9694.639 GC heap after
{Heap after GC invocations=8021 (full 0):
 garbage-first heap   total 788480K, used 128251K [0x0000000702800000, 0x0000000800000000)
  region size 2048K, 2 young (4096K), 2 survivors (4096K)
 Metaspace       used 49836K, capacity 50435K, committed 50972K, reserved 1093632K
  class space    used 5733K, capacity 5880K, committed 5996K, reserved 1048576K
}
Event: 9699.652 GC heap before
{Heap before GC invocations=8021 (full 0):
 garbage-first heap   total 788480K, used 595195K [0x0000000702800000, 0x0000000800000000)
  region size 2048K, 231 young (473088K), 2 survivors (4096K)
 Metaspace       used 49836K, capacity 50435K, committed 50972K, reserved 1093632K
  class space    used 5733K, capacity 5880K, committed 5996K, reserved 1048576K
}
Event: 9699.654 GC heap after
{Heap after GC invocations=8022 (full 0):
 garbage-first heap   total 788480K, used 128740K [0x0000000702800000, 0x0000000800000000)
  region size 2048K, 2 young (4096K), 2 survivors (4096K)
 Metaspace       used 49836K, capacity 50435K, committed 50972K, reserved 1093632K
  class space    used 5733K, capacity 5880K, committed 5996K, reserved 1048576K
}
Event: 9700.001 GC heap before
{Heap before GC invocations=8022 (full 0):
 garbage-first heap   total 788480K, used 595684K [0x0000000702800000, 0x0000000800000000)
  region size 2048K, 231 young (473088K), 2 survivors (4096K)
 Metaspace       used 49836K, capacity 50435K, committed 50972K, reserved 1093632K
  class space    used 5733K, capacity 5880K, committed 5996K, reserved 1048576K
}
Event: 9700.003 GC heap after
{Heap after GC invocations=8023 (full 0):
 garbage-first heap   total 788480K, used 128645K [0x0000000702800000, 0x0000000800000000)
  region size 2048K, 2 young (4096K), 2 survivors (4096K)
 Metaspace       used 49836K, capacity 50435K, committed 50972K, reserved 1093632K
  class space    used 5733K, capacity 5880K, committed 5996K, reserved 1048576K
}
Event: 9700.931 GC heap before
{Heap before GC invocations=8023 (full 0):
 garbage-first heap   total 788480K, used 595589K [0x0000000702800000, 0x0000000800000000)
  region size 2048K, 231 young (473088K), 2 survivors (4096K)
 Metaspace       used 49836K, capacity 50435K, committed 50972K, reserved 1093632K
  class space    used 5733K, capacity 5880K, committed 5996K, reserved 1048576K
}
Event: 9700.932 GC heap after
{Heap after GC invocations=8024 (full 0):
 garbage-first heap   total 788480K, used 128838K [0x0000000702800000, 0x0000000800000000)
  region size 2048K, 2 young (4096K), 2 survivors (4096K)
 Metaspace       used 49836K, capacity 50435K, committed 50972K, reserved 1093632K
  class space    used 5733K, capacity 5880K, committed 5996K, reserved 1048576K
}

